Simulation Configuration -- 
Speed -- 0.100000 
Noise -- 1.000000 
Range -- 5.000000 
Body Count Init -- 50 
Body Count Max -- 100 
Simulation Origin (0.000000, 0.000000, 0.000000) 
Simulation Boundaries (100.000000, 50.000000, 100.000000) 

Printing Configuration...
Config -- Screen Dimensions (W,H): 1650, 1050
Config -- Screen Initial Position (X,Y): 0, 0
Config -- Camera Position (X,Y,Z): 0.000000, 0.000000, 80.000000
Config -- Camera Look-at (X,Y,Z): 0.000000, 0.000000, 24.000000
Config -- Camera Up-vector (X,Y,Z): 0.000000, 1.000000, 0.000000
Config -- Viewing Frustum Clipping Planes (L,R,B,T,N,F): -0.785714, 0.785714, -0.500000, 0.500000, 1.200000, 1000.000000

Shader: Vertex shader shaders/multiplexer.v.glsl successfully compiled & attached to shader program ID 1.
Shader: Missing geometry shader in program ID 1.
Shader: Fragment shader shaders/multiplexer.f.glsl successfully compiled & attached to shader program ID 1.
Spawn Body Pos (3.000000, 20.000000, 62.000000)
Spawn Body Pos (33.000000, 33.000000, -69.000000)
Spawn Body Pos (49.000000, -27.000000, -57.000000)
Spawn Body Pos (60.000000, 6.000000, 33.000000)
Spawn Body Pos (79.000000, -31.000000, -87.000000)
Spawn Body Pos (62.000000, -36.000000, -74.000000)
Spawn Body Pos (-44.000000, -4.000000, -32.000000)
Spawn Body Pos (-7.000000, -9.000000, -93.000000)
Spawn Body Pos (11.000000, 17.000000, 68.000000)
Spawn Body Pos (-72.000000, 10.000000, -32.000000)
Spawn Body Pos (-24.000000, -41.000000, -100.000000)
Spawn Body Pos (25.000000, 34.000000, -5.000000)
Spawn Body Pos (75.000000, -4.000000, 55.000000)
Spawn Body Pos (3.000000, 6.000000, 58.000000)
Spawn Body Pos (95.000000, 27.000000, -84.000000)
Spawn Body Pos (-58.000000, 39.000000, 50.000000)
Spawn Body Pos (3.000000, 1.000000, -35.000000)
Spawn Body Pos (14.000000, -3.000000, 50.000000)
Spawn Body Pos (24.000000, 41.000000, -69.000000)
Spawn Body Pos (55.000000, 18.000000, -48.000000)
Spawn Body Pos (34.000000, 49.000000, 9.000000)
Spawn Body Pos (99.000000, 49.000000, 38.000000)
Spawn Body Pos (-98.000000, -49.000000, -61.000000)
Spawn Body Pos (-39.000000, 20.000000, 41.000000)
Spawn Body Pos (-1.000000, 45.000000, 85.000000)
Spawn Body Pos (96.000000, -29.000000, -8.000000)
Spawn Body Pos (-80.000000, -30.000000, -5.000000)
Spawn Body Pos (-34.000000, 7.000000, -1.000000)
Spawn Body Pos (69.000000, 36.000000, -88.000000)
Spawn Body Pos (-20.000000, -7.000000, 25.000000)
Spawn Body Pos (38.000000, -50.000000, -64.000000)
Spawn Body Pos (-54.000000, 20.000000, 85.000000)
Spawn Body Pos (-42.000000, -21.000000, -14.000000)
Spawn Body Pos (0.000000, 45.000000, 0.000000)
Spawn Body Pos (55.000000, 45.000000, 37.000000)
Spawn Body Pos (-80.000000, -41.000000, -60.000000)
Spawn Body Pos (-90.000000, -36.000000, 69.000000)
Spawn Body Pos (62.000000, 3.000000, -54.000000)
Spawn Body Pos (38.000000, -26.000000, -40.000000)
Spawn Body Pos (-82.000000, -28.000000, -53.000000)
Spawn Body Pos (-86.000000, 14.000000, -66.000000)
Spawn Body Pos (-27.000000, 8.000000, 95.000000)
Spawn Body Pos (63.000000, -10.000000, -47.000000)
Spawn Body Pos (-13.000000, -40.000000, 91.000000)
Spawn Body Pos (16.000000, 27.000000, 4.000000)
Spawn Body Pos (-80.000000, 44.000000, 3.000000)
Spawn Body Pos (-32.000000, -10.000000, 39.000000)
Spawn Body Pos (-52.000000, -45.000000, 38.000000)
Spawn Body Pos (-100.000000, 22.000000, 93.000000)
Spawn Body Pos (-9.000000, 38.000000, 5.000000)
glmFindMaterial():  can't find material "initialShadingGroup".
glmFindMaterial():  can't find material "initialShadingGroup1".
glmFindMaterial():  can't find material "initialShadingGroup".
Velocity Delta: (1151736064.000000, 369946624.000000, 1232589952.000000)
Velocity Delta: (420326656.000000, 140242160.000000, 437586112.000000)
Position Delta: (275313952.000000, 91858608.000000, 286618880.000000)
Velocity Delta: (673494016.000000, 375343488.000000, 828722560.000000)
Velocity Delta: (239765952.000000, 131812384.000000, 304744384.000000)
Position Delta: (157046688.000000, 86337104.000000, 199607568.000000)
Velocity Delta: (825797248.000000, 545789184.000000, 682451200.000000)
Velocity Delta: (319494976.000000, 187379904.000000, 255630624.000000)
Position Delta: (209269200.000000, 122733832.000000, 167438048.000000)
Velocity Delta: (1117476224.000000, 561260800.000000, 1438730880.000000)
Velocity Delta: (397943360.000000, 199734400.000000, 501489536.000000)
Position Delta: (260652896.000000, 130826024.000000, 328475616.000000)
Velocity Delta: (1034053696.000000, 409305600.000000, 448569184.000000)
Velocity Delta: (357239424.000000, 129880512.000000, 140294944.000000)
Position Delta: (233991808.000000, 85071728.000000, 91893184.000000)
Velocity Delta: (815213056.000000, -360413472.000000, 316155520.000000)
Velocity Delta: (277205696.000000, -131905216.000000, 104374560.000000)
Position Delta: (181569728.000000, -86397912.000000, 68365336.000000)
Velocity Delta: (100486960.000000, 36385748.000000, 76511304.000000)
Velocity Delta: (49172224.000000, 23033754.000000, 45838068.000000)
Position Delta: (32207806.000000, 15087108.000000, 30023934.000000)
Velocity Delta: (1545144832.000000, 874313024.000000, 1202953088.000000)
Velocity Delta: (536742208.000000, 304006656.000000, 423727424.000000)
Position Delta: (351566144.000000, 199124352.000000, 277541440.000000)
Velocity Delta: (-523803104.000000, 374816672.000000, -563900032.000000)
Velocity Delta: (-178751072.000000, 125027088.000000, -206183904.000000)
Position Delta: (-117081944.000000, 81892736.000000, -135050448.000000)
Velocity Delta: (-602646208.000000, -86383040.000000, 486760832.000000)
Velocity Delta: (-156334560.000000, -34831992.000000, 189288064.000000)
Position Delta: (-102399136.000000, -22814954.000000, 123983680.000000)
Velocity Delta: (325652640.000000, 190550784.000000, 682152576.000000)
Velocity Delta: (118316192.000000, 66429128.000000, 231366240.000000)
Position Delta: (77497104.000000, 43511076.000000, 151544880.000000)
Velocity Delta: (784788032.000000, 203591536.000000, 494936192.000000)
Velocity Delta: (343896224.000000, 93352224.000000, 197308128.000000)
Position Delta: (225252016.000000, 61145704.000000, 129236816.000000)
Velocity Delta: (1246185216.000000, 827548544.000000, 921316928.000000)
Velocity Delta: (424040320.000000, 284030656.000000, 313875904.000000)
Position Delta: (277746400.000000, 186040064.000000, 205588704.000000)
Velocity Delta: (-78244704.000000, 46141512.000000, -156175408.000000)
Velocity Delta: (-4411992.000000, 12917696.000000, -45266208.000000)
Position Delta: (-2889854.750000, 8461091.000000, -29649364.000000)
Velocity Delta: (51776024.000000, 18698356.000000, 106491504.000000)
Velocity Delta: (21446280.000000, 6380699.000000, 43321768.000000)
Position Delta: (14047313.000000, 4179357.750000, 28375756.000000)
Velocity Delta: (-12391808.000000, 246227808.000000, 924963648.000000)
Velocity Delta: (9749627.000000, 89045712.000000, 335816448.000000)
Position Delta: (6386005.500000, 58324940.000000, 219959760.000000)
Velocity Delta: (922014208.000000, 480334752.000000, 1414302464.000000)
Velocity Delta: (330029952.000000, 159430816.000000, 468578880.000000)
Position Delta: (216169616.000000, 104427176.000000, 306919168.000000)
Velocity Delta: (135350256.000000, -5265828.000000, -102446464.000000)
Velocity Delta: (41329448.000000, -8825543.000000, -53219668.000000)
Position Delta: (27070788.000000, -5780730.500000, -34858880.000000)
Velocity Delta: (15462432.000000, -3109584.000000, 52550560.000000)
Velocity Delta: (17342844.000000, 4765319.000000, 41432720.000000)
Position Delta: (11359562.000000, 3121283.750000, 27138430.000000)
Velocity Delta: (798102464.000000, 412335360.000000, 1312535040.000000)
Velocity Delta: (284683648.000000, 139364928.000000, 453997376.000000)
Position Delta: (186467776.000000, 91284024.000000, 297368256.000000)
Velocity Delta: (79121408.000000, 237109568.000000, -617677312.000000)
Velocity Delta: (83681696.000000, 93234544.000000, -202756256.000000)
Position Delta: (54811508.000000, 61068624.000000, -132805344.000000)
Velocity Delta: (1337164160.000000, 461155008.000000, 931084544.000000)
Velocity Delta: (462097216.000000, 157073920.000000, 326657216.000000)
Position Delta: (302673664.000000, 102883416.000000, 213960464.000000)
Velocity Delta: (2417785088.000000, 695197824.000000, 2175931136.000000)
Velocity Delta: (819638400.000000, 242646304.000000, 757116416.000000)
Position Delta: (536863136.000000, 158933328.000000, 495911232.000000)
Velocity Delta: (1087640320.000000, 318795424.000000, 1578661632.000000)
Velocity Delta: (355478784.000000, 102996480.000000, 516980160.000000)
Position Delta: (232838592.000000, 67462688.000000, 338621984.000000)
Velocity Delta: (638077888.000000, 345144608.000000, 663220928.000000)
Velocity Delta: (216497760.000000, 114368976.000000, 207988800.000000)
Position Delta: (141806032.000000, 74911680.000000, 136232656.000000)
Velocity Delta: (16146092.000000, -7429126.000000, 18812488.000000)
Velocity Delta: (-65005.000000, -5647907.000000, 405062.000000)
Position Delta: (-42578.273438, -3699379.000000, 265315.593750)
Velocity Delta: (1596363008.000000, 279412096.000000, 1597252352.000000)
Velocity Delta: (568787840.000000, 96800688.000000, 547570944.000000)
Position Delta: (372556032.000000, 63404448.000000, 358658944.000000)
Velocity Delta: (-62271488.000000, 133185536.000000, 7147776.000000)
Velocity Delta: (12798204.000000, 51049280.000000, -9532767.000000)
Position Delta: (8382823.500000, 33437276.000000, -6243962.000000)
Velocity Delta: (194249664.000000, 27969632.000000, 381499776.000000)
Velocity Delta: (71735344.000000, 8096858.000000, 137509456.000000)
Position Delta: (46986648.000000, 5303442.000000, 90068688.000000)
Velocity Delta: (153246688.000000, -103607712.000000, 12280256.000000)
Velocity Delta: (64475480.000000, -39785256.000000, -11562895.000000)
Position Delta: (42231436.000000, -26059342.000000, -7573696.000000)
Velocity Delta: (-128082400.000000, -34222696.000000, 239386336.000000)
Velocity Delta: (-41586128.000000, -12189370.000000, 78535472.000000)
Position Delta: (-27238912.000000, -7984037.000000, 51440732.000000)
Velocity Delta: (-8126784.000000, 23824.000000, -265881024.000000)
Velocity Delta: (17613018.000000, 7557542.500000, -88264112.000000)
Position Delta: (11536526.000000, 4950190.000000, -57812992.000000)
Velocity Delta: (953420544.000000, -182587600.000000, -534144928.000000)
Velocity Delta: (329274176.000000, -62892016.000000, -181905728.000000)
Position Delta: (215674576.000000, -41194268.000000, -119148248.000000)
Velocity Delta: (1642579328.000000, 406116128.000000, 1142459392.000000)
Velocity Delta: (598923136.000000, 151463392.000000, 405517568.000000)
Position Delta: (392294624.000000, 99208520.000000, 265614000.000000)
Velocity Delta: (53453344.000000, -7582148.000000, -8482568.000000)
Velocity Delta: (4490492.000000, -6019872.500000, -12777442.000000)
Position Delta: (2941272.250000, -3943016.250000, -8369224.000000)
Velocity Delta: (-622028800.000000, 302782528.000000, 792582976.000000)
Velocity Delta: (-209739904.000000, 107301264.000000, 277288736.000000)
Position Delta: (-137379632.000000, 70282328.000000, 181624112.000000)
Velocity Delta: (912873088.000000, 362873760.000000, 976634944.000000)
Velocity Delta: (327653760.000000, 125151328.000000, 329350528.000000)
Position Delta: (214613200.000000, 81974120.000000, 215724592.000000)
Velocity Delta: (277969472.000000, -34017248.000000, 457457728.000000)
Velocity Delta: (91077456.000000, -17828880.000000, 139277184.000000)
Position Delta: (59655732.000000, -11677916.000000, 91226552.000000)
Velocity Delta: (283447296.000000, -92439944.000000, -279345312.000000)
Velocity Delta: (94502944.000000, -33354916.000000, -106786528.000000)
Position Delta: (61899424.000000, -21847470.000000, -69945176.000000)
Velocity Delta: (412539648.000000, 210992192.000000, 292129952.000000)
Velocity Delta: (147837280.000000, 71297008.000000, 105689584.000000)
Position Delta: (96833416.000000, 46699540.000000, 69226672.000000)
Velocity Delta: (601224000.000000, -170947344.000000, 194361536.000000)
Velocity Delta: (203883968.000000, -60844192.000000, 64562520.000000)
Position Delta: (133543992.000000, -39852944.000000, 42288448.000000)
Velocity Delta: (459920800.000000, -136247200.000000, -496028800.000000)
Velocity Delta: (153361312.000000, -45533504.000000, -172865024.000000)
Position Delta: (100451656.000000, -29824444.000000, -113226584.000000)
Velocity Delta: (-58959616.000000, -125644480.000000, -460761760.000000)
Velocity Delta: (-24438956.000000, -42134744.000000, -154642976.000000)
Position Delta: (-16007515.000000, -27598256.000000, -101291144.000000)
Velocity Delta: (511769344.000000, 515175616.000000, 468169472.000000)
Velocity Delta: (177021888.000000, 178851904.000000, 165610496.000000)
Position Delta: (115949328.000000, 117147992.000000, 108474872.000000)
Velocity Delta: (587262400.000000, -220530816.000000, -579478592.000000)
Velocity Delta: (230857152.000000, -67877696.000000, -189557888.000000)
Position Delta: (151211424.000000, -44459888.000000, -124160408.000000)
Velocity Delta: (12210048.000000, -396543200.000000, -316871296.000000)
Velocity Delta: (-551726.000000, -134766832.000000, -104108400.000000)
Position Delta: (-361380.500000, -88272272.000000, -68191000.000000)
Velocity Delta: (37282400.000000, -99813232.000000, -403818368.000000)
Velocity Delta: (19893142.000000, -28363376.000000, -137173728.000000)
Position Delta: (13030007.000000, -18578010.000000, -89848784.000000)
Velocity Delta: (538723712.000000, 192479392.000000, -52401728.000000)
Velocity Delta: (185627232.000000, 67360480.000000, -14514268.000000)
Position Delta: (121585832.000000, 44121112.000000, -9506845.000000)
Velocity Delta: (980943744.000000, 678972416.000000, 916081344.000000)
Velocity Delta: (333705664.000000, 232572960.000000, 316554496.000000)
Position Delta: (218577200.000000, 152335280.000000, 207343184.000000)
Velocity Delta: (2448223744.000000, 950166144.000000, 1077747840.000000)
Velocity Delta: (835985280.000000, 321840192.000000, 363808960.000000)
Position Delta: (547570304.000000, 210805312.000000, 238294864.000000)
Velocity Delta: (420326656.000000, 140242160.000000, 437586112.000000)
Velocity Delta: (393425760.000000, 131266664.000000, 409580608.000000)
Position Delta: (25179250.000000, 8401067.000000, 26213160.000000)
Velocity Delta: (239765952.000000, 131812384.000000, 304744384.000000)
Velocity Delta: (224385792.000000, 123364672.000000, 285204160.000000)
Position Delta: (14360691.000000, 7895339.500000, 18253068.000000)
Velocity Delta: (319494976.000000, 187379904.000000, 255630624.000000)
Velocity Delta: (299027200.000000, 175376560.000000, 239244736.000000)
Position Delta: (19137742.000000, 11224100.000000, 15311664.000000)
Velocity Delta: (397943360.000000, 199734400.000000, 501489536.000000)
Velocity Delta: (372448256.000000, 186935712.000000, 469372800.000000)
Position Delta: (23836690.000000, 11963886.000000, 30039860.000000)
Velocity Delta: (357239424.000000, 129880512.000000, 140294944.000000)
Velocity Delta: (334342784.000000, 121551440.000000, 131274120.000000)
Position Delta: (21397940.000000, 7779292.500000, 8401544.000000)
Velocity Delta: (277205696.000000, -131905216.000000, 104374560.000000)
Velocity Delta: (259434624.000000, -123474160.000000, 97682808.000000)
Position Delta: (16603817.000000, -7902346.500000, 6251700.000000)
Velocity Delta: (49172224.000000, 23033754.000000, 45838068.000000)
Velocity Delta: (46001992.000000, 21570606.000000, 42895692.000000)
Position Delta: (2944127.750000, 1380518.875000, 2745324.500000)
Velocity Delta: (536742208.000000, 304006656.000000, 423727424.000000)
Velocity Delta: (502386560.000000, 284548320.000000, 396605024.000000)
Position Delta: (32152742.000000, 18211094.000000, 25382722.000000)
Velocity Delta: (-178751072.000000, 125027088.000000, -206183904.000000)
Velocity Delta: (-167355872.000000, 116999936.000000, -193023552.000000)
Position Delta: (-10710776.000000, 7487996.500000, -12353508.000000)
Velocity Delta: (-156334560.000000, -34831992.000000, 189288064.000000)
Velocity Delta: (-146314272.000000, -32613228.000000, 177190816.000000)
Position Delta: (-9364114.000000, -2087246.750000, 11340213.000000)
Velocity Delta: (118316192.000000, 66429128.000000, 231366240.000000)
Velocity Delta: (110757040.000000, 62180560.000000, 216543008.000000)
Position Delta: (7088451.000000, 3979556.000000, 13858753.000000)
Velocity Delta: (343896224.000000, 93352224.000000, 197308128.000000)
Velocity Delta: (321876992.000000, 87372136.000000, 184661040.000000)
Position Delta: (20600128.000000, 5591817.000000, 11818307.000000)
Velocity Delta: (424040320.000000, 284030656.000000, 313875904.000000)
Velocity Delta: (396872992.000000, 265844880.000000, 293771328.000000)
Position Delta: (25399872.000000, 17014074.000000, 18801366.000000)
Velocity Delta: (-4411992.000000, 12917696.000000, -45266208.000000)
Velocity Delta: (-4165108.500000, 12067211.000000, -42395428.000000)
Position Delta: (-266566.968750, 772301.562500, -2713307.500000)
Velocity Delta: (21446280.000000, 6380699.000000, 43321768.000000)
Velocity Delta: (20074040.000000, 5971223.500000, 40552924.000000)
Position Delta: (1284738.625000, 382158.312500, 2595387.250000)
Velocity Delta: (9749627.000000, 89045712.000000, 335816448.000000)
Velocity Delta: (9123858.000000, 83346248.000000, 314320576.000000)
Position Delta: (583926.937500, 5334160.000000, 20116518.000000)
Velocity Delta: (330029952.000000, 159430816.000000, 468578880.000000)
Velocity Delta: (308907200.000000, 149219792.000000, 438561760.000000)
Position Delta: (19770062.000000, 9550067.000000, 28067954.000000)
Velocity Delta: (41329448.000000, -8825543.000000, -53219668.000000)
Velocity Delta: (38656776.000000, -8274045.000000, -49852816.000000)
Position Delta: (2474033.750000, -529538.875000, -3190580.500000)
Velocity Delta: (17342844.000000, 4765319.000000, 41432720.000000)
Velocity Delta: (16229411.000000, 4461059.000000, 38785424.000000)
Position Delta: (1038682.375000, 285507.781250, 2482267.250000)
Velocity Delta: (284683648.000000, 139364928.000000, 453997376.000000)
Velocity Delta: (266462432.000000, 130445176.000000, 424938080.000000)
Position Delta: (17053596.000000, 8348491.500000, 27196038.000000)
Velocity Delta: (83681696.000000, 93234544.000000, -202756256.000000)
Velocity Delta: (78302272.000000, 87255880.000000, -189817808.000000)
Position Delta: (5011345.500000, 5584376.500000, -12148340.000000)
Velocity Delta: (462097216.000000, 157073920.000000, 326657216.000000)
Velocity Delta: (432515968.000000, 147013376.000000, 305768064.000000)
Position Delta: (27681024.000000, 9408857.000000, 19569158.000000)
Velocity Delta: (819638400.000000, 242646304.000000, 757116416.000000)
Velocity Delta: (767142912.000000, 227103808.000000, 708633664.000000)
Position Delta: (49097148.000000, 14534644.000000, 45352556.000000)
Velocity Delta: (355478784.000000, 102996480.000000, 516980160.000000)
Velocity Delta: (332659584.000000, 96384408.000000, 483830112.000000)
Position Delta: (21290214.000000, 6168602.500000, 30965128.000000)
Velocity Delta: (216497760.000000, 114368976.000000, 207988800.000000)
Velocity Delta: (202612096.000000, 107040728.000000, 194634224.000000)
Position Delta: (12967175.000000, 6850607.000000, 12456591.000000)
Velocity Delta: (-65005.000000, -5647907.000000, 405062.000000)
Velocity Delta: (-78981.054688, -5296012.500000, 361695.312500)
Position Delta: (-5054.787598, -338944.812500, 23148.501953)
Velocity Delta: (568787840.000000, 96800688.000000, 547570944.000000)
Velocity Delta: (532385408.000000, 90605904.000000, 512526336.000000)
Position Delta: (34072668.000000, 5798778.000000, 32801688.000000)
Velocity Delta: (12798204.000000, 51049280.000000, -9532767.000000)
Velocity Delta: (11931573.000000, 47774036.000000, -8968442.000000)
Position Delta: (763620.687500, 3057538.500000, -573980.312500)
Velocity Delta: (71735344.000000, 8096858.000000, 137509456.000000)
Velocity Delta: (67143152.000000, 7574381.000000, 128709584.000000)
Position Delta: (4297162.000000, 484760.406250, 8237414.000000)
Velocity Delta: (64475480.000000, -39785256.000000, -11562895.000000)
Velocity Delta: (60343052.000000, -37239680.000000, -10834363.000000)
Position Delta: (3861955.500000, -2383339.750000, -693399.250000)
Velocity Delta: (-41586128.000000, -12189370.000000, 78535472.000000)
Velocity Delta: (-38930012.000000, -11405926.000000, 73510152.000000)
Position Delta: (-2491521.000000, -729979.312500, 4704650.000000)
Velocity Delta: (17613018.000000, 7557542.500000, -88264112.000000)
Velocity Delta: (16489254.000000, 7074883.000000, -82621776.000000)
Position Delta: (1055312.250000, 452792.531250, -5287794.000000)
Velocity Delta: (329274176.000000, -62892016.000000, -181905728.000000)
Velocity Delta: (308199168.000000, -58867556.000000, -170256384.000000)
Position Delta: (19724748.000000, -3767523.750000, -10896409.000000)
Velocity Delta: (598923136.000000, 151463392.000000, 405517568.000000)
Velocity Delta: (560564544.000000, 141774992.000000, 379579648.000000)
Position Delta: (35876132.000000, 9073600.000000, 24293098.000000)
Velocity Delta: (4490492.000000, -6019872.500000, -12777442.000000)
Velocity Delta: (4152999.500000, -5647255.000000, -11993564.000000)
Position Delta: (265791.968750, -361424.343750, -767588.125000)
Velocity Delta: (-209739904.000000, 107301264.000000, 277288736.000000)
Velocity Delta: (-196316992.000000, 100434472.000000, 259543280.000000)
Position Delta: (-12564288.000000, 6427806.500000, 16610771.000000)
Velocity Delta: (327653760.000000, 125151328.000000, 329350528.000000)
Velocity Delta: (306701440.000000, 117132672.000000, 308248928.000000)
Position Delta: (19628894.000000, 7496491.500000, 19727932.000000)
Velocity Delta: (91077456.000000, -17828880.000000, 139277184.000000)
Velocity Delta: (85221136.000000, -16698305.000000, 130335880.000000)
Position Delta: (5454153.000000, -1068691.625000, 8341496.500000)
Velocity Delta: (94502944.000000, -33354916.000000, -106786528.000000)
Velocity Delta: (88447104.000000, -31218724.000000, -99963872.000000)
Position Delta: (5660615.000000, -1997998.375000, -6397688.000000)
Velocity Delta: (147837280.000000, 71297008.000000, 105689584.000000)
Velocity Delta: (138367776.000000, 66736788.000000, 98934360.000000)
Position Delta: (8855538.000000, 4271154.500000, 6331799.500000)
Velocity Delta: (203883968.000000, -60844192.000000, 64562520.000000)
Velocity Delta: (190823024.000000, -56956120.000000, 60421696.000000)
Position Delta: (12212674.000000, -3645191.750000, 3866988.750000)
Velocity Delta: (153361312.000000, -45533504.000000, -172865024.000000)
Velocity Delta: (143529136.000000, -42614280.000000, -161807072.000000)
Position Delta: (9185865.000000, -2727314.000000, -10355653.000000)
Velocity Delta: (-24438956.000000, -42134744.000000, -154642976.000000)
Velocity Delta: (-22887704.000000, -39434308.000000, -144731376.000000)
Position Delta: (-1464813.125000, -2523795.750000, -9262809.000000)
Velocity Delta: (177021888.000000, 178851904.000000, 165610496.000000)
Velocity Delta: (165694512.000000, 167408912.000000, 155024368.000000)
Position Delta: (10604449.000000, 10714171.000000, 9921560.000000)
Velocity Delta: (230857152.000000, -67877696.000000, -189557888.000000)
Velocity Delta: (216067504.000000, -63548468.000000, -177440016.000000)
Position Delta: (13828321.000000, -4067102.250000, -11356162.000000)
Velocity Delta: (-551726.000000, -134766832.000000, -104108400.000000)
Velocity Delta: (-535732.625000, -126136096.000000, -97429632.000000)
Position Delta: (-34286.890625, -8072710.500000, -6235496.500000)
Velocity Delta: (19893142.000000, -28363376.000000, -137173728.000000)
Velocity Delta: (18620002.000000, -26536848.000000, -128385888.000000)
Position Delta: (1191680.125000, -1698358.375000, -8216697.000000)
Velocity Delta: (185627232.000000, 67360480.000000, -14514268.000000)
Velocity Delta: (173745424.000000, 63051796.000000, -13573877.000000)
Position Delta: (11119708.000000, 4035315.250000, -868728.187500)
Velocity Delta: (333705664.000000, 232572960.000000, 316554496.000000)
Velocity Delta: (312332992.000000, 217682656.000000, 296296224.000000)
Position Delta: (19989312.000000, 13931691.000000, 18962960.000000)
Velocity Delta: (835985280.000000, 321840192.000000, 363808960.000000)
Velocity Delta: (782454272.000000, 301222976.000000, 340498720.000000)
Position Delta: (50077076.000000, 19278272.000000, 21791920.000000)
Velocity Delta: (393425760.000000, 131266664.000000, 409580608.000000)
Velocity Delta: (365885952.000000, 122078000.000000, 380909952.000000)
Position Delta: (25612016.000000, 8545460.000000, 26663696.000000)
Velocity Delta: (224385792.000000, 123364672.000000, 285204160.000000)
Velocity Delta: (208639440.000000, 114716016.000000, 265198912.000000)
Position Delta: (14604761.000000, 8030121.000000, 18563924.000000)
Velocity Delta: (299027200.000000, 175376560.000000, 239244736.000000)
Velocity Delta: (278072800.000000, 163087840.000000, 222469024.000000)
Position Delta: (19465096.000000, 11416149.000000, 15572832.000000)
Velocity Delta: (372448256.000000, 186935712.000000, 469372800.000000)
Velocity Delta: (346346944.000000, 173832656.000000, 436492736.000000)
Position Delta: (24244286.000000, 12168286.000000, 30554492.000000)
Velocity Delta: (334342784.000000, 121551440.000000, 131274120.000000)
Velocity Delta: (310901504.000000, 113024120.000000, 122037960.000000)
Position Delta: (21763106.000000, 7911688.500000, 8542657.000000)
Velocity Delta: (259434624.000000, -123474160.000000, 97682808.000000)
Velocity Delta: (241240704.000000, -114843152.000000, 90831816.000000)
Position Delta: (16886850.000000, -8039020.500000, 6358227.000000)
Velocity Delta: (46001992.000000, 21570606.000000, 42895692.000000)
Velocity Delta: (42755860.000000, 20072994.000000, 39883208.000000)
Position Delta: (2992910.250000, 1405109.625000, 2791824.500000)
Velocity Delta: (502386560.000000, 284548320.000000, 396605024.000000)
Velocity Delta: (467214848.000000, 264627792.000000, 368838368.000000)
Position Delta: (32705040.000000, 18523946.000000, 25818686.000000)
Velocity Delta: (-167355872.000000, 116999936.000000, -193023552.000000)
Velocity Delta: (-155691200.000000, 108781480.000000, -179551568.000000)
Position Delta: (-10898384.000000, 7614703.500000, -12568610.000000)
Velocity Delta: (-146314272.000000, -32613228.000000, 177190816.000000)
Velocity Delta: (-136055616.000000, -30342042.000000, 164806704.000000)
Position Delta: (-9523893.000000, -2123943.000000, 11536469.000000)
Velocity Delta: (110757040.000000, 62180560.000000, 216543008.000000)
Velocity Delta: (103018704.000000, 57831164.000000, 201367312.000000)
Position Delta: (7211309.500000, 4048181.500000, 14095712.000000)
Velocity Delta: (321876992.000000, 87372136.000000, 184661040.000000)
Velocity Delta: (299334560.000000, 81249872.000000, 171713088.000000)
Position Delta: (20953420.000000, 5687491.000000, 12019916.000000)
Velocity Delta: (396872992.000000, 265844880.000000, 293771328.000000)
Velocity Delta: (369059680.000000, 247226992.000000, 273188832.000000)
Position Delta: (25834178.000000, 17305890.000000, 19123218.000000)
Velocity Delta: (-4165108.500000, 12067211.000000, -42395428.000000)
Velocity Delta: (-3913284.250000, 11195909.000000, -39457152.000000)
Position Delta: (-273929.906250, 783713.625000, -2762000.750000)
Velocity Delta: (20074040.000000, 5971223.500000, 40552924.000000)
Velocity Delta: (18669216.000000, 5551993.000000, 37718416.000000)
Position Delta: (1306845.125000, 388639.500000, 2640289.250000)
Velocity Delta: (9123858.000000, 83346248.000000, 314320576.000000)
Velocity Delta: (8483181.000000, 77511408.000000, 292314080.000000)
Position Delta: (593822.687500, 5425798.500000, 20461986.000000)
Velocity Delta: (308907200.000000, 149219792.000000, 438561760.000000)
Velocity Delta: (287282784.000000, 138766064.000000, 407831008.000000)
Position Delta: (20109794.000000, 9713625.000000, 28548170.000000)
Velocity Delta: (38656776.000000, -8274045.000000, -49852816.000000)
Velocity Delta: (35919908.000000, -7709795.500000, -46407020.000000)
Position Delta: (2514393.500000, -539685.687500, -3248491.500000)
Velocity Delta: (16229411.000000, 4461059.000000, 38785424.000000)
Velocity Delta: (15089442.000000, 4149591.000000, 36075368.000000)
Position Delta: (1056261.000000, 290471.375000, 2525275.750000)
Velocity Delta: (266462432.000000, 130445176.000000, 424938080.000000)
Velocity Delta: (247808432.000000, 121313568.000000, 395188544.000000)
Position Delta: (17346590.000000, 8491950.000000, 27663198.000000)
Velocity Delta: (78302272.000000, 87255880.000000, -189817808.000000)
Velocity Delta: (72794464.000000, 81134920.000000, -176573056.000000)
Position Delta: (5095612.500000, 5679444.500000, -12360114.000000)
Velocity Delta: (432515968.000000, 147013376.000000, 305768064.000000)
Velocity Delta: (402231968.000000, 136713696.000000, 284383232.000000)
Position Delta: (28156238.000000, 9569959.000000, 19906826.000000)
Velocity Delta: (767142912.000000, 227103808.000000, 708633664.000000)
Velocity Delta: (713399616.000000, 211191824.000000, 658998784.000000)
Position Delta: (49937972.000000, 14783428.000000, 46129916.000000)
Velocity Delta: (332659584.000000, 96384408.000000, 483830112.000000)
Velocity Delta: (309296640.000000, 89614768.000000, 449891104.000000)
Position Delta: (21650764.000000, 6273034.000000, 31492378.000000)
Velocity Delta: (202612096.000000, 107040728.000000, 194634224.000000)
Velocity Delta: (188395872.000000, 99538208.000000, 180961344.000000)
Position Delta: (13187711.000000, 6967674.500000, 12667294.000000)
Velocity Delta: (-78981.054688, -5296012.500000, 361695.312500)
Velocity Delta: (-93761.273438, -4936009.500000, 316843.937500)
Position Delta: (-6563.289062, -345520.656250, 22179.076172)
Velocity Delta: (532385408.000000, 90605904.000000, 512526336.000000)
Velocity Delta: (495118400.000000, 84264008.000000, 476649440.000000)
Position Delta: (34658288.000000, 5898480.500000, 33365460.000000)
Velocity Delta: (11931573.000000, 47774036.000000, -8968442.000000)
Velocity Delta: (11043124.000000, 44420792.000000, -8391904.000000)
Position Delta: (773018.687500, 3109455.500000, -587433.312500)
Velocity Delta: (67143152.000000, 7574381.000000, 128709584.000000)
Velocity Delta: (62441864.000000, 7039384.000000, 119700736.000000)
Position Delta: (4370930.500000, 492756.875000, 8379051.500000)
Velocity Delta: (60343052.000000, -37239680.000000, -10834363.000000)
Velocity Delta: (56112324.000000, -34633668.000000, -10088827.000000)
Position Delta: (3927862.750000, -2424356.750000, -706217.875000)
Velocity Delta: (-38930012.000000, -11405926.000000, 73510152.000000)
Velocity Delta: (-36210956.000000, -10603788.000000, 68365504.000000)
Position Delta: (-2534767.000000, -742265.187500, 4785585.500000)
Velocity Delta: (16489254.000000, 7074883.000000, -82621776.000000)
Velocity Delta: (15338891.000000, 6580787.000000, -76845600.000000)
Position Delta: (1073722.375000, 460655.093750, -5379192.000000)
Velocity Delta: (308199168.000000, -58867556.000000, -170256384.000000)
Velocity Delta: (286623584.000000, -54747532.000000, -158330192.000000)
Position Delta: (20063650.000000, -3832327.250000, -11083113.000000)
Velocity Delta: (560564544.000000, 141774992.000000, 379579648.000000)
Velocity Delta: (521294208.000000, 131856624.000000, 353026112.000000)
Position Delta: (36490596.000000, 9229964.000000, 24711828.000000)
Velocity Delta: (4152999.500000, -5647255.000000, -11993564.000000)
Velocity Delta: (3806189.000000, -5266116.000000, -11191948.000000)
Position Delta: (266433.218750, -368628.125000, -783436.375000)
Velocity Delta: (-196316992.000000, 100434472.000000, 259543280.000000)
Velocity Delta: (-182575296.000000, 93404600.000000, 241376400.000000)
Position Delta: (-12780271.000000, 6538322.000000, 16896348.000000)
Velocity Delta: (306701440.000000, 117132672.000000, 308248928.000000)
Velocity Delta: (285251968.000000, 108923344.000000, 286645536.000000)
Position Delta: (19967638.000000, 7624634.000000, 20065188.000000)
Velocity Delta: (85221136.000000, -16698305.000000, 130335880.000000)
Velocity Delta: (79225016.000000, -15541151.000000, 121181504.000000)
Position Delta: (5545751.000000, -1087880.625000, 8482705.000000)
Velocity Delta: (88447104.000000, -31218724.000000, -99963872.000000)
Velocity Delta: (82247240.000000, -29031760.000000, -92979480.000000)
Position Delta: (5757307.000000, -2032223.250000, -6508563.500000)
Velocity Delta: (138367776.000000, 66736788.000000, 98934360.000000)
Velocity Delta: (128673176.000000, 62068336.000000, 92018936.000000)
Position Delta: (9007122.000000, 4344783.500000, 6441325.500000)
Velocity Delta: (190823024.000000, -56956120.000000, 60421696.000000)
Velocity Delta: (177451568.000000, -52975860.000000, 56182296.000000)
Position Delta: (12421610.000000, -3708310.250000, 3932760.750000)
Velocity Delta: (143529136.000000, -42614280.000000, -161807072.000000)
Velocity Delta: (133462992.000000, -39625596.000000, -150486640.000000)
Position Delta: (9342409.000000, -2773791.750000, -10534065.000000)
Velocity Delta: (-22887704.000000, -39434308.000000, -144731376.000000)
Velocity Delta: (-21299944.000000, -36669636.000000, -134584000.000000)
Position Delta: (-1490996.125000, -2566874.500000, -9420880.000000)
Velocity Delta: (165694512.000000, 167408912.000000, 155024368.000000)
Velocity Delta: (154098160.000000, 155694240.000000, 144187152.000000)
Position Delta: (10786871.000000, 10898597.000000, 10093101.000000)
Velocity Delta: (216067504.000000, -63548468.000000, -177440016.000000)
Velocity Delta: (200926208.000000, -59116812.000000, -165034704.000000)
Position Delta: (14064835.000000, -4138176.750000, -11552429.000000)
Velocity Delta: (-535732.625000, -126136096.000000, -97429632.000000)
Velocity Delta: (-519861.750000, -117300240.000000, -90591840.000000)
Position Delta: (-36390.324219, -8211017.000000, -6341429.000000)
Velocity Delta: (18620002.000000, -26536848.000000, -128385888.000000)
Velocity Delta: (17316624.000000, -24666646.000000, -119389104.000000)
Position Delta: (1212163.625000, -1726665.250000, -8357237.500000)
Velocity Delta: (173745424.000000, 63051796.000000, -13573877.000000)
Velocity Delta: (161581376.000000, 58640840.000000, -12610853.000000)
Position Delta: (11310696.000000, 4104858.750000, -882759.687500)
Velocity Delta: (312332992.000000, 217682656.000000, 296296224.000000)
Velocity Delta: (290452288.000000, 202438576.000000, 275556864.000000)
Position Delta: (20331660.000000, 14170700.000000, 19288980.000000)
Velocity Delta: (782454272.000000, 301222976.000000, 340498720.000000)
Velocity Delta: (727651200.000000, 280115584.000000, 316634176.000000)
Position Delta: (50935584.000000, 19608090.000000, 22164392.000000)
Velocity Delta: (365885952.000000, 122078000.000000, 380909952.000000)
Velocity Delta: (342835136.000000, 114387088.000000, 356912640.000000)
Position Delta: (21598614.000000, 7206386.500000, 22485496.000000)
Velocity Delta: (208639440.000000, 114716016.000000, 265198912.000000)
Velocity Delta: (195465520.000000, 107479016.000000, 248460528.000000)
Position Delta: (12314328.000000, 6771178.000000, 15653014.000000)
Velocity Delta: (278072800.000000, 163087840.000000, 222469024.000000)
Velocity Delta: (260537280.000000, 152804000.000000, 208431952.000000)
Position Delta: (16413849.000000, 9626652.000000, 13131213.000000)
Velocity Delta: (346346944.000000, 173832656.000000, 436492736.000000)
Velocity Delta: (324504544.000000, 162867984.000000, 408975648.000000)
Position Delta: (20443786.000000, 10260683.000000, 25765466.000000)
Velocity Delta: (310901504.000000, 113024120.000000, 122037960.000000)
Velocity Delta: (291286624.000000, 105889504.000000, 114314192.000000)
Position Delta: (18351058.000000, 6671039.000000, 7201794.000000)
Velocity Delta: (241240704.000000, -114843152.000000, 90831816.000000)
Velocity Delta: (226017312.000000, -107617208.000000, 85099480.000000)
Position Delta: (14239091.000000, -6779884.000000, 5361267.500000)
Velocity Delta: (42755860.000000, 20072994.000000, 39883208.000000)
Velocity Delta: (40042668.000000, 18817686.000000, 37363196.000000)
Position Delta: (2522688.000000, 1185514.250000, 2353881.500000)
Velocity Delta: (467214848.000000, 264627792.000000, 368838368.000000)
Velocity Delta: (437776832.000000, 247954624.000000, 345598304.000000)
Position Delta: (27579940.000000, 15621142.000000, 21772694.000000)
Velocity Delta: (-155691200.000000, 108781480.000000, -179551568.000000)
Velocity Delta: (-145920496.000000, 101906808.000000, -168269696.000000)
Position Delta: (-9192991.000000, 6420129.000000, -10600991.000000)
Velocity Delta: (-136055616.000000, -30342042.000000, 164806704.000000)
Velocity Delta: (-127471552.000000, -28439332.000000, 154438384.000000)
Position Delta: (-8030708.000000, -1791678.000000, 9729618.000000)
Velocity Delta: (103018704.000000, 57831164.000000, 201367312.000000)
Velocity Delta: (96539560.000000, 54190248.000000, 188667840.000000)
Position Delta: (6081992.500000, 3413985.750000, 11886074.000000)
Velocity Delta: (299334560.000000, 81249872.000000, 171713088.000000)
Velocity Delta: (280468160.000000, 76126448.000000, 160878832.000000)
Position Delta: (17669494.000000, 4795966.500000, 10135367.000000)
Velocity Delta: (369059680.000000, 247226992.000000, 273188832.000000)
Velocity Delta: (345784672.000000, 231645104.000000, 255964000.000000)
Position Delta: (21784434.000000, 14593642.000000, 16125732.000000)
Velocity Delta: (-3913284.250000, 11195909.000000, -39457152.000000)
Velocity Delta: (-3696672.250000, 10470533.000000, -36993496.000000)
Position Delta: (-232890.359375, 659643.562500, -2330590.250000)
Velocity Delta: (18669216.000000, 5551993.000000, 37718416.000000)
Velocity Delta: (17493334.000000, 5201285.000000, 35345324.000000)
Position Delta: (1102080.000000, 327680.968750, 2226755.500000)
Velocity Delta: (8483181.000000, 77511408.000000, 292314080.000000)
Velocity Delta: (7947228.500000, 72627736.000000, 273895232.000000)
Position Delta: (500675.406250, 4575547.500000, 17255400.000000)
Velocity Delta: (287282784.000000, 138766064.000000, 407831008.000000)
Velocity Delta: (269183264.000000, 130017520.000000, 382113984.000000)
Position Delta: (16958546.000000, 8191104.000000, 24073182.000000)
Velocity Delta: (35919908.000000, -7709795.500000, -46407020.000000)
Velocity Delta: (33633684.000000, -7235326.500000, -43516444.000000)
Position Delta: (2118922.250000, -455825.562500, -2741536.000000)
Velocity Delta: (15089442.000000, 4149591.000000, 36075368.000000)
Velocity Delta: (14135868.000000, 3888776.750000, 33806336.000000)
Position Delta: (890559.687500, 244992.937500, 2129799.250000)
Velocity Delta: (247808432.000000, 121313568.000000, 395188544.000000)
Velocity Delta: (232195280.000000, 113670480.000000, 370288736.000000)
Position Delta: (14628303.000000, 7161240.500000, 23328190.000000)
Velocity Delta: (72794464.000000, 81134920.000000, -176573056.000000)
Velocity Delta: (68188336.000000, 76013592.000000, -165480960.000000)
Position Delta: (4295865.000000, 4788856.500000, -10425301.000000)
Velocity Delta: (402231968.000000, 136713696.000000, 284383232.000000)
Velocity Delta: (376885440.000000, 128094152.000000, 266481344.000000)
Position Delta: (23743784.000000, 8069931.500000, 16788324.000000)
Velocity Delta: (713399616.000000, 211191824.000000, 658998784.000000)
Velocity Delta: (668422848.000000, 197875664.000000, 617458816.000000)
Position Delta: (42110640.000000, 12466167.000000, 38899908.000000)
Velocity Delta: (309296640.000000, 89614768.000000, 449891104.000000)
Velocity Delta: (289753120.000000, 83951920.000000, 421494560.000000)
Position Delta: (18254446.000000, 5288971.000000, 26554158.000000)
Velocity Delta: (188395872.000000, 99538208.000000, 180961344.000000)
Velocity Delta: (176501808.000000, 93260016.000000, 169524272.000000)
Position Delta: (11119614.000000, 5875381.000000, 10680029.000000)
Velocity Delta: (-93761.273438, -4936009.500000, 316843.937500)
Velocity Delta: (-103146.687500, -4633113.000000, 282177.968750)
Position Delta: (-6498.241211, -291886.125000, 17777.212891)
Velocity Delta: (495118400.000000, 84264008.000000, 476649440.000000)
Velocity Delta: (463925920.000000, 78955768.000000, 446620480.000000)
Position Delta: (29227334.000000, 4974213.500000, 28137090.000000)
Velocity Delta: (11043124.000000, 44420792.000000, -8391904.000000)
Velocity Delta: (10307303.000000, 41615456.000000, -7901822.500000)
Position Delta: (649360.125000, 2621773.750000, -497814.812500)
Velocity Delta: (62441864.000000, 7039384.000000, 119700736.000000)
Velocity Delta: (58507080.000000, 6592296.000000, 112160216.000000)
Position Delta: (3685946.000000, 415314.656250, 7066093.500000)
Velocity Delta: (56112324.000000, -34633668.000000, -10088827.000000)
Velocity Delta: (52572188.000000, -32452322.000000, -9462926.000000)
Position Delta: (3312048.000000, -2044496.375000, -596164.375000)
Velocity Delta: (-36210956.000000, -10603788.000000, 68365504.000000)
Velocity Delta: (-33934216.000000, -9932945.000000, 64059280.000000)
Position Delta: (-2137855.750000, -625775.562500, 4035734.750000)
Velocity Delta: (15338891.000000, 6580787.000000, -76845600.000000)
Velocity Delta: (14375468.000000, 6167060.000000, -72009864.000000)
Position Delta: (905654.500000, 388524.781250, -4536621.500000)
Velocity Delta: (286623584.000000, -54747532.000000, -158330192.000000)
Velocity Delta: (268565056.000000, -51298968.000000, -148349168.000000)
Position Delta: (16919598.000000, -3231835.000000, -9345998.000000)
Velocity Delta: (521294208.000000, 131856624.000000, 353026112.000000)
Velocity Delta: (488429440.000000, 123554088.000000, 330798304.000000)
Position Delta: (30771056.000000, 7783907.500000, 20840294.000000)
Velocity Delta: (3806189.000000, -5266116.000000, -11191948.000000)
Velocity Delta: (3524144.500000, -4945025.500000, -10515434.000000)
Position Delta: (222021.109375, -311536.625000, -662472.375000)
Velocity Delta: (-182575296.000000, 93404600.000000, 241376400.000000)
Velocity Delta: (-171073408.000000, 87520520.000000, 226170560.000000)
Position Delta: (-10777625.000000, 5513793.000000, 14248746.000000)
Velocity Delta: (285251968.000000, 108923344.000000, 286645536.000000)
Velocity Delta: (267295888.000000, 102053608.000000, 268567328.000000)
Position Delta: (16839642.000000, 6429377.500000, 16919742.000000)
Velocity Delta: (79225016.000000, -15541151.000000, 121181504.000000)
Velocity Delta: (74210752.000000, -14570891.000000, 113523824.000000)
Position Delta: (4675277.500000, -917966.125000, 7152001.000000)
Velocity Delta: (82247240.000000, -29031760.000000, -92979480.000000)
Velocity Delta: (77059216.000000, -27201512.000000, -87131616.000000)
Position Delta: (4854730.500000, -1713695.250000, -5489292.000000)
Velocity Delta: (128673176.000000, 62068336.000000, 92018936.000000)
Velocity Delta: (120560096.000000, 58160384.000000, 86229264.000000)
Position Delta: (7595286.000000, 3664104.250000, 5432443.500000)
Velocity Delta: (177451568.000000, -52975860.000000, 56182296.000000)
Velocity Delta: (166261696.000000, -49643404.000000, 52635368.000000)
Position Delta: (10474487.000000, -3127534.500000, 3316028.250000)
Velocity Delta: (133462992.000000, -39625596.000000, -150486640.000000)
Velocity Delta: (125040432.000000, -37124900.000000, -141010544.000000)
Position Delta: (7877547.500000, -2338868.750000, -8883664.000000)
Velocity Delta: (-21299944.000000, -36669636.000000, -134584000.000000)
Velocity Delta: (-19968876.000000, -34356232.000000, -126093024.000000)
Position Delta: (-1258039.250000, -2164442.750000, -7943860.500000)
Velocity Delta: (154098160.000000, 155694240.000000, 144187152.000000)
Velocity Delta: (144391680.000000, 145888480.000000, 135114272.000000)
Position Delta: (9096676.000000, 9190974.000000, 8512199.000000)
Velocity Delta: (200926208.000000, -59116812.000000, -165034704.000000)
Velocity Delta: (188255376.000000, -55405060.000000, -154649184.000000)
Position Delta: (11860089.000000, -3490518.750000, -9742899.000000)
Velocity Delta: (-519861.750000, -117300240.000000, -90591840.000000)
Velocity Delta: (-503401.531250, -109905552.000000, -84871200.000000)
Position Delta: (-31714.296875, -6924050.000000, -5346885.500000)
Velocity Delta: (17316624.000000, -24666646.000000, -119389104.000000)
Velocity Delta: (16225698.000000, -23103140.000000, -111860232.000000)
Position Delta: (1022219.000000, -1455497.875000, -7047194.500000)
Velocity Delta: (161581376.000000, 58640840.000000, -12610853.000000)
Velocity Delta: (151400352.000000, 54948476.000000, -11806689.000000)
Position Delta: (9538222.000000, 3461754.000000, -743821.437500)
Velocity Delta: (290452288.000000, 202438576.000000, 275556864.000000)
Velocity Delta: (272140704.000000, 189680192.000000, 258197824.000000)
Position Delta: (17144864.000000, 11949852.000000, 16266463.000000)
Velocity Delta: (727651200.000000, 280115584.000000, 316634176.000000)
Velocity Delta: (681785600.000000, 262451904.000000, 296663904.000000)
Position Delta: (42952492.000000, 16534470.000000, 18689826.000000)
Velocity Delta: (342835136.000000, 114387088.000000, 356912640.000000)
Velocity Delta: (319179520.000000, 106494376.000000, 332285664.000000)
Position Delta: (22023386.000000, 7348112.000000, 22927710.000000)
Velocity Delta: (195465520.000000, 107479016.000000, 248460528.000000)
Velocity Delta: (181945088.000000, 100051848.000000, 231282080.000000)
Position Delta: (12554211.000000, 6903577.500000, 15958463.000000)
Velocity Delta: (260537280.000000, 152804000.000000, 208431952.000000)
Velocity Delta: (242541168.000000, 142250064.000000, 194025952.000000)
Position Delta: (16735340.000000, 9815254.000000, 13387790.000000)
Velocity Delta: (324504544.000000, 162867984.000000, 408975648.000000)
Velocity Delta: (302088384.000000, 151615232.000000, 380736032.000000)
Position Delta: (20844098.000000, 10461451.000000, 26270786.000000)
Velocity Delta: (291286624.000000, 105889504.000000, 114314192.000000)
Velocity Delta: (271156288.000000, 98567280.000000, 106386744.000000)
Position Delta: (18709784.000000, 6801142.000000, 7340685.000000)
Velocity Delta: (226017312.000000, -107617208.000000, 85099480.000000)
Velocity Delta: (210393776.000000, -100201928.000000, 79216456.000000)
Position Delta: (14517170.000000, -6913933.000000, 5465935.500000)
Velocity Delta: (40042668.000000, 18817686.000000, 37363196.000000)
Velocity Delta: (37257724.000000, 17529708.000000, 34776852.000000)
Position Delta: (2570783.000000, 1209549.875000, 2399602.750000)
Velocity Delta: (437776832.000000, 247954624.000000, 345598304.000000)
Velocity Delta: (407566304.000000, 230843936.000000, 321748384.000000)
Position Delta: (28122074.000000, 15928231.000000, 22200638.000000)
Velocity Delta: (-145920496.000000, 101906808.000000, -168269696.000000)
Velocity Delta: (-135894528.000000, 94851144.000000, -156692672.000000)
Position Delta: (-9376722.000000, 6544729.000000, -10811794.000000)
Velocity Delta: (-127471552.000000, -28439332.000000, 154438384.000000)
Velocity Delta: (-118661896.000000, -26486954.000000, 143798432.000000)
Position Delta: (-8187670.500000, -1827599.750000, 9922092.000000)
Velocity Delta: (96539560.000000, 54190248.000000, 188667840.000000)
Velocity Delta: (89890736.000000, 50453872.000000, 175634784.000000)
Position Delta: (6202460.500000, 3481317.000000, 12118800.000000)
Velocity Delta: (280468160.000000, 76126448.000000, 160878832.000000)
Velocity Delta: (261106496.000000, 70868464.000000, 149759840.000000)
Position Delta: (18016348.000000, 4889924.000000, 10333429.000000)
Velocity Delta: (345784672.000000, 231645104.000000, 255964000.000000)
Velocity Delta: (321898272.000000, 215654192.000000, 238286832.000000)
Position Delta: (22210980.000000, 14880139.000000, 16441791.000000)
Velocity Delta: (-3696672.250000, 10470533.000000, -36993496.000000)
Velocity Delta: (-3475237.750000, 9725548.000000, -34465836.000000)
Position Delta: (-239791.406250, 671062.812500, -2378142.500000)
Velocity Delta: (17493334.000000, 5201285.000000, 35345324.000000)
Velocity Delta: (16286606.000000, 4841347.500000, 32910056.000000)
Position Delta: (1123775.750000, 334052.968750, 2270793.750000)
Velocity Delta: (7947228.500000, 72627736.000000, 273895232.000000)
Velocity Delta: (7397170.500000, 67615912.000000, 254993024.000000)
Position Delta: (510404.750000, 4665498.000000, 17594518.000000)
Velocity Delta: (269183264.000000, 130017520.000000, 382113984.000000)
Velocity Delta: (250608848.000000, 121039256.000000, 355721504.000000)
Position Delta: (17292010.000000, 8351708.500000, 24544784.000000)
Velocity Delta: (33633684.000000, -7235326.500000, -43516444.000000)
Velocity Delta: (31286804.000000, -6748732.000000, -40550976.000000)
Position Delta: (2158789.500000, -465662.500000, -2798017.250000)
Velocity Delta: (14135868.000000, 3888776.750000, 33806336.000000)
Velocity Delta: (13157188.000000, 3621136.500000, 31477874.000000)
Position Delta: (907845.937500, 249858.406250, 2171973.250000)
Velocity Delta: (232195280.000000, 113670480.000000, 370288736.000000)
Velocity Delta: (216172432.000000, 105826840.000000, 344735520.000000)
Position Delta: (14915897.000000, 7302052.000000, 23786750.000000)
Velocity Delta: (68188336.000000, 76013592.000000, -165480960.000000)
Velocity Delta: (63460776.000000, 70757608.000000, -154098752.000000)
Position Delta: (4378793.500000, 4882275.000000, -10632814.000000)
Velocity Delta: (376885440.000000, 128094152.000000, 266481344.000000)
Velocity Delta: (350873696.000000, 119248256.000000, 248110160.000000)
Position Delta: (24210284.000000, 8228129.500000, 17119600.000000)
Velocity Delta: (668422848.000000, 197875664.000000, 617458816.000000)
Velocity Delta: (622265024.000000, 184209792.000000, 574828288.000000)
Position Delta: (42936284.000000, 12710475.000000, 39663152.000000)
Velocity Delta: (289753120.000000, 83951920.000000, 421494560.000000)
Velocity Delta: (269695168.000000, 78139992.000000, 392351392.000000)
Position Delta: (18608966.000000, 5391659.500000, 27072246.000000)
Velocity Delta: (176501808.000000, 93260016.000000, 169524272.000000)
Velocity Delta: (164294944.000000, 86816888.000000, 157786064.000000)
Position Delta: (11336351.000000, 5990365.000000, 10887238.000000)
Velocity Delta: (-103146.687500, -4633113.000000, 282177.968750)
Velocity Delta: (-113218.828125, -4322501.000000, 246178.375000)
Position Delta: (-7812.099121, -298252.562500, 16986.306641)
Velocity Delta: (463925920.000000, 78955768.000000, 446620480.000000)
Velocity Delta: (431915008.000000, 73508256.000000, 415803616.000000)
Position Delta: (29802134.000000, 5072069.500000, 28690448.000000)
Velocity Delta: (10307303.000000, 41615456.000000, -7901822.500000)
Velocity Delta: (9551022.000000, 38736320.000000, -7399992.000000)
Position Delta: (659020.500000, 2672806.000000, -510599.437500)
Velocity Delta: (58507080.000000, 6592296.000000, 112160216.000000)
Velocity Delta: (54469028.000000, 6133373.500000, 104421872.000000)
Position Delta: (3758362.750000, 423202.750000, 7205109.000000)
Velocity Delta: (52572188.000000, -32452322.000000, -9462926.000000)
Velocity Delta: (48939020.000000, -30213758.000000, -8820881.000000)
Position Delta: (3376792.250000, -2084749.250000, -608640.750000)
Velocity Delta: (-33934216.000000, -9932945.000000, 64059280.000000)
Velocity Delta: (-31597872.000000, -9244420.000000, 59640096.000000)
Position Delta: (-2180253.000000, -637864.937500, 4115166.500000)
Velocity Delta: (14375468.000000, 6167060.000000, -72009864.000000)
Velocity Delta: (13386851.000000, 5742502.500000, -67047408.000000)
Position Delta: (923692.687500, 396232.656250, -4626271.000000)
Velocity Delta: (268565056.000000, -51298968.000000, -148349168.000000)
Velocity Delta: (250032672.000000, -47759936.000000, -138106080.000000)
Position Delta: (17252254.000000, -3295435.500000, -9529319.000000)
Velocity Delta: (488429440.000000, 123554088.000000, 330798304.000000)
Velocity Delta: (454701696.000000, 115033840.000000, 307987648.000000)
Position Delta: (31374416.000000, 7937335.000000, 21251148.000000)
Velocity Delta: (3524144.500000, -4945025.500000, -10515434.000000)
Velocity Delta: (3233484.500000, -4615816.500000, -9821990.000000)
Position Delta: (223110.421875, -318491.343750, -677717.312500)
Velocity Delta: (-171073408.000000, 87520520.000000, 226170560.000000)
Velocity Delta: (-159269760.000000, 81482064.000000, 210565760.000000)
Position Delta: (-10989613.000000, 5622262.500000, 14529037.000000)
Velocity Delta: (267295888.000000, 102053608.000000, 268567328.000000)
Velocity Delta: (248869088.000000, 95003408.000000, 250014208.000000)
Position Delta: (17171966.000000, 6555235.000000, 17250980.000000)
Velocity Delta: (74210752.000000, -14570891.000000, 113523824.000000)
Velocity Delta: (69064264.000000, -13575427.000000, 105664552.000000)
Position Delta: (4765434.000000, -936704.437500, 7290854.000000)
Velocity Delta: (77059216.000000, -27201512.000000, -87131616.000000)
Velocity Delta: (71734880.000000, -25323206.000000, -81130600.000000)
Position Delta: (4949706.500000, -1747301.125000, -5598011.500000)
Velocity Delta: (120560096.000000, 58160384.000000, 86229264.000000)
Velocity Delta: (112233952.000000, 54149964.000000, 80287896.000000)
Position Delta: (7744142.500000, 3736347.500000, 5539864.500000)
Velocity Delta: (166261696.000000, -49643404.000000, 52635368.000000)
Velocity Delta: (154777920.000000, -46223656.000000, 48995160.000000)
Position Delta: (10679676.000000, -3189432.250000, 3380666.000000)
Velocity Delta: (125040432.000000, -37124900.000000, -141010544.000000)
Velocity Delta: (116396472.000000, -34558468.000000, -131285944.000000)
Position Delta: (8031356.500000, -2384534.250000, -9058730.000000)
Velocity Delta: (-19968876.000000, -34356232.000000, -126093024.000000)
Velocity Delta: (-18603196.000000, -31982038.000000, -117378912.000000)
Position Delta: (-1283620.500000, -2206760.500000, -8099144.500000)
Velocity Delta: (144391680.000000, 145888480.000000, 135114272.000000)
Velocity Delta: (134430576.000000, 135825520.000000, 125803656.000000)
Position Delta: (9275710.000000, 9371961.000000, 8680452.000000)
Velocity Delta: (188255376.000000, -55405060.000000, -154649184.000000)
Velocity Delta: (175251728.000000, -51596280.000000, -143991504.000000)
Position Delta: (12092369.000000, -3560143.250000, -9935414.000000)
Velocity Delta: (-503401.531250, -109905552.000000, -84871200.000000)
Velocity Delta: (-486978.093750, -102316704.000000, -79000080.000000)
Position Delta: (-33601.488281, -7059852.500000, -5451005.500000)
Velocity Delta: (16225698.000000, -23103140.000000, -111860232.000000)
Velocity Delta: (15106148.000000, -21498338.000000, -104133608.000000)
Position Delta: (1042324.187500, -1483385.250000, -7185219.000000)
Velocity Delta: (151400352.000000, 54948476.000000, -11806689.000000)
Velocity Delta: (140952144.000000, 51159292.000000, -10981147.000000)
Position Delta: (9725698.000000, 3529991.000000, -757699.125000)
Velocity Delta: (272140704.000000, 189680192.000000, 258197824.000000)
Velocity Delta: (253348288.000000, 176586928.000000, 240383344.000000)
Position Delta: (17481032.000000, 12184498.000000, 16586450.000000)
Velocity Delta: (681785600.000000, 262451904.000000, 296663904.000000)
Velocity Delta: (634715904.000000, 244324288.000000, 276169024.000000)
Position Delta: (43795396.000000, 16858376.000000, 19055662.000000)
Velocity Delta: (319179520.000000, 106494376.000000, 332285664.000000)
Velocity Delta: (297156128.000000, 99146264.000000, 309357952.000000)
Position Delta: (20503772.000000, 6841092.000000, 21345698.000000)
Velocity Delta: (181945088.000000, 100051848.000000, 231282080.000000)
Velocity Delta: (169359872.000000, 93137920.000000, 215291328.000000)
Position Delta: (11685831.000000, 6426516.500000, 14855101.000000)
Velocity Delta: (242541168.000000, 142250064.000000, 194025952.000000)
Velocity Delta: (225788112.000000, 132425072.000000, 180615648.000000)
Position Delta: (15579379.000000, 9137330.000000, 12462479.000000)
Velocity Delta: (302088384.000000, 151615232.000000, 380736032.000000)
Velocity Delta: (281220704.000000, 141139952.000000, 354446368.000000)
Position Delta: (19404228.000000, 9738656.000000, 24456798.000000)
Velocity Delta: (271156288.000000, 98567280.000000, 106386744.000000)
Velocity Delta: (252417120.000000, 91751384.000000, 99009040.000000)
Position Delta: (17416780.000000, 6330845.500000, 6831623.500000)
Velocity Delta: (210393776.000000, -100201928.000000, 79216456.000000)
Velocity Delta: (195850224.000000, -93297592.000000, 73740128.000000)
Position Delta: (13513665.000000, -6437533.500000, 5088068.500000)
Velocity Delta: (37257724.000000, 17529708.000000, 34776852.000000)
Velocity Delta: (34666460.000000, 16329880.000000, 32369538.000000)
Position Delta: (2391985.750000, 1126761.750000, 2233498.000000)
Velocity Delta: (407566304.000000, 230843936.000000, 321748384.000000)
Velocity Delta: (379440576.000000, 214914016.000000, 299544352.000000)
Position Delta: (26181400.000000, 14829067.000000, 20668560.000000)
Velocity Delta: (-135894528.000000, 94851144.000000, -156692672.000000)
Velocity Delta: (-126557408.000000, 88283984.000000, -145912144.000000)
Position Delta: (-8732461.000000, 6091594.500000, -10067938.000000)
Velocity Delta: (-118661896.000000, -26486954.000000, 143798432.000000)
Velocity Delta: (-110461080.000000, -24668602.000000, 133891520.000000)
Position Delta: (-7621814.500000, -1702133.500000, 9238515.000000)
Velocity Delta: (89890736.000000, 50453872.000000, 175634784.000000)
Velocity Delta: (83699824.000000, 46975116.000000, 163502032.000000)
Position Delta: (5775287.500000, 3241283.000000, 11281640.000000)
Velocity Delta: (261106496.000000, 70868464.000000, 149759840.000000)
Velocity Delta: (243081424.000000, 65973640.000000, 139409328.000000)
Position Delta: (16772618.000000, 4552181.000000, 9619243.000000)
Velocity Delta: (321898272.000000, 215654192.000000, 238286832.000000)
Velocity Delta: (299661920.000000, 200767168.000000, 221830464.000000)
Position Delta: (20676672.000000, 13852934.000000, 15306302.000000)
Velocity Delta: (-3475237.750000, 9725548.000000, -34465836.000000)
Velocity Delta: (-3266758.750000, 9033522.000000, -32110866.000000)
Position Delta: (-225406.343750, 623313.000000, -2215649.750000)
Velocity Delta: (16286606.000000, 4841347.500000, 32910056.000000)
Velocity Delta: (15163124.000000, 4506320.000000, 30642578.000000)
Position Delta: (1046255.500000, 310936.062500, 2114337.750000)
Velocity Delta: (7397170.500000, 67615912.000000, 254993024.000000)
Velocity Delta: (6885183.500000, 62949944.000000, 237395312.000000)
Position Delta: (475077.656250, 4343546.000000, 16380276.000000)
Velocity Delta: (250608848.000000, 121039256.000000, 355721504.000000)
Velocity Delta: (233316112.000000, 112680976.000000, 331151936.000000)
Position Delta: (16098811.000000, 7774987.000000, 22849484.000000)
Velocity Delta: (31286804.000000, -6748732.000000, -40550976.000000)
Velocity Delta: (29103664.000000, -6294839.500000, -37787556.000000)
Position Delta: (2008152.750000, -434343.906250, -2607341.250000)
Velocity Delta: (13157188.000000, 3621136.500000, 31477874.000000)
Velocity Delta: (12246268.000000, 3371917.250000, 29309792.000000)
Position Delta: (844992.500000, 232662.281250, 2022375.625000)
Velocity Delta: (216172432.000000, 105826840.000000, 344735520.000000)
Velocity Delta: (201255248.000000, 98524440.000000, 320945728.000000)
Position Delta: (13886612.000000, 6798186.000000, 22145254.000000)
Velocity Delta: (63460776.000000, 70757608.000000, -154098752.000000)
Velocity Delta: (59060976.000000, 65865048.000000, -143499440.000000)
Position Delta: (4075207.250000, 4544688.000000, -9901461.000000)
Velocity Delta: (350873696.000000, 119248256.000000, 248110160.000000)
Velocity Delta: (326657216.000000, 111013240.000000, 231005488.000000)
Position Delta: (22539348.000000, 7659913.500000, 15939378.000000)
Velocity Delta: (622265024.000000, 184209792.000000, 574828288.000000)
Velocity Delta: (579294656.000000, 171487712.000000, 535141056.000000)
Position Delta: (39971332.000000, 11832652.000000, 36924732.000000)
Velocity Delta: (269695168.000000, 78139992.000000, 392351392.000000)
Velocity Delta: (251025696.000000, 72730416.000000, 365223264.000000)
Position Delta: (17320772.000000, 5018398.500000, 25200404.000000)
Velocity Delta: (164294944.000000, 86816888.000000, 157786064.000000)
Velocity Delta: (152932304.000000, 80818904.000000, 146860624.000000)
Position Delta: (10552329.000000, 5576504.000000, 10133383.000000)
Velocity Delta: (-113218.828125, -4322501.000000, 246178.375000)
Velocity Delta: (-121407.179688, -4032694.500000, 213807.265625)
Position Delta: (-8377.094727, -278255.906250, 14752.701172)
Velocity Delta: (431915008.000000, 73508256.000000, 415803616.000000)
Velocity Delta: (402112864.000000, 68436592.000000, 387113120.000000)
Position Delta: (27745786.000000, 4722124.500000, 26710804.000000)
Velocity Delta: (9551022.000000, 38736320.000000, -7399992.000000)
Velocity Delta: (8850035.000000, 36056372.000000, -6929793.500000)
Position Delta: (610652.375000, 2487889.500000, -478155.750000)
Velocity Delta: (54469028.000000, 6133373.500000, 104421872.000000)
Velocity Delta: (50709680.000000, 5706397.000000, 97217424.000000)
Position Delta: (3498967.750000, 393741.375000, 6708002.000000)
Velocity Delta: (48939020.000000, -30213758.000000, -8820881.000000)
Velocity Delta: (45556936.000000, -28129610.000000, -8222385.500000)
Position Delta: (3143428.500000, -1940943.000000, -567344.562500)
Velocity Delta: (-31597872.000000, -9244420.000000, 59640096.000000)
Velocity Delta: (-29422382.000000, -8603620.000000, 55525772.000000)
Position Delta: (-2030144.250000, -593649.750000, 3831278.250000)
Velocity Delta: (13386851.000000, 5742502.500000, -67047408.000000)
Velocity Delta: (12466222.000000, 5347172.000000, -62426932.000000)
Position Delta: (860169.312500, 368954.843750, -4307458.000000)
Velocity Delta: (250032672.000000, -47759936.000000, -138106080.000000)
Velocity Delta: (232779120.000000, -44465056.000000, -128570256.000000)
Position Delta: (16061759.000000, -3068088.750000, -8871347.000000)
Velocity Delta: (454701696.000000, 115033840.000000, 307987648.000000)
Velocity Delta: (423302976.000000, 107101144.000000, 286749920.000000)
Position Delta: (29207904.000000, 7389979.000000, 19785744.000000)
Velocity Delta: (3233484.500000, -4615816.500000, -9821990.000000)
Velocity Delta: (2966159.500000, -4308495.500000, -9174179.000000)
Position Delta: (204665.000000, -297286.187500, -633018.312500)
Velocity Delta: (-159269760.000000, 81482064.000000, 210565760.000000)
Velocity Delta: (-148280528.000000, 75860232.000000, 196037632.000000)
Position Delta: (-10231356.000000, 5234356.000000, 13526596.000000)
Velocity Delta: (248869088.000000, 95003408.000000, 250014208.000000)
Velocity Delta: (231712592.000000, 88440256.000000, 232742768.000000)
Position Delta: (15988168.000000, 6102377.500000, 16059251.000000)
Velocity Delta: (69064264.000000, -13575427.000000, 105664552.000000)
Velocity Delta: (64274672.000000, -12647965.000000, 98349376.000000)
Position Delta: (4434952.500000, -872709.562500, 6786107.000000)
Velocity Delta: (71734880.000000, -25323206.000000, -81130600.000000)
Velocity Delta: (66778428.000000, -23574598.000000, -75542888.000000)
Position Delta: (4607711.500000, -1626647.250000, -5212459.000000)
Velocity Delta: (112233952.000000, 54149964.000000, 80287896.000000)
Velocity Delta: (104482832.000000, 50416080.000000, 74755896.000000)
Position Delta: (7209315.000000, 3478709.500000, 5158156.500000)
Velocity Delta: (154777920.000000, -46223656.000000, 48995160.000000)
Velocity Delta: (144087328.000000, -43039480.000000, 45606704.000000)
Position Delta: (9942025.000000, -2969724.000000, 3146862.500000)
Velocity Delta: (116396472.000000, -34558468.000000, -131285944.000000)
Velocity Delta: (108350064.000000, -32169450.000000, -122231984.000000)
Position Delta: (7476154.000000, -2219692.000000, -8434007.000000)
Velocity Delta: (-18603196.000000, -31982038.000000, -117378912.000000)
Velocity Delta: (-17330906.000000, -29771914.000000, -109267016.000000)
Position Delta: (-1195832.500000, -2054262.000000, -7539424.000000)
Velocity Delta: (134430576.000000, 135825520.000000, 125803656.000000)
Velocity Delta: (125156656.000000, 126456672.000000, 117134624.000000)
Position Delta: (8635809.000000, 8725510.000000, 8082289.000000)
Velocity Delta: (175251728.000000, -51596280.000000, -143991504.000000)
Velocity Delta: (163146304.000000, -48049328.000000, -134068296.000000)
Position Delta: (11257095.000000, -3315403.500000, -9250712.000000)
Velocity Delta: (-486978.093750, -102316704.000000, -79000080.000000)
Velocity Delta: (-470423.031250, -95251856.000000, -73535104.000000)
Position Delta: (-32459.187500, -6572378.000000, -5073922.000000)
Velocity Delta: (15106148.000000, -21498338.000000, -104133608.000000)
Velocity Delta: (14063847.000000, -20005004.000000, -96940696.000000)
Position Delta: (970405.437500, -1380345.250000, -6688908.000000)
Velocity Delta: (140952144.000000, 51159292.000000, -10981147.000000)
Velocity Delta: (131224976.000000, 47631404.000000, -10213319.000000)
Position Delta: (9054523.000000, 3286566.750000, -704719.000000)
Velocity Delta: (253348288.000000, 176586928.000000, 240383344.000000)
Velocity Delta: (235853568.000000, 164397456.000000, 223797968.000000)
Position Delta: (16273896.000000, 11343424.000000, 15442059.000000)
Velocity Delta: (634715904.000000, 244324288.000000, 276169024.000000)
Velocity Delta: (590895872.000000, 227448752.000000, 257090016.000000)
Position Delta: (40771816.000000, 15693963.000000, 17739210.000000)
Velocity Delta: (297156128.000000, 99146264.000000, 309357952.000000)
Velocity Delta: (277840992.000000, 92701760.000000, 289249696.000000)
Position Delta: (18059664.000000, 6025614.000000, 18801230.000000)
Velocity Delta: (169359872.000000, 93137920.000000, 215291328.000000)
Velocity Delta: (158325856.000000, 87075408.000000, 201270720.000000)
Position Delta: (10291180.000000, 5659901.500000, 13082596.000000)
Velocity Delta: (225788112.000000, 132425072.000000, 180615648.000000)
Velocity Delta: (211097248.000000, 123809400.000000, 168857040.000000)
Position Delta: (13721321.000000, 8047610.500000, 10975707.000000)
Velocity Delta: (281220704.000000, 141139952.000000, 354446368.000000)
Velocity Delta: (262921872.000000, 131954424.000000, 331391744.000000)
Position Delta: (17089922.000000, 8577037.000000, 21540462.000000)
Velocity Delta: (252417120.000000, 91751384.000000, 99009040.000000)
Velocity Delta: (235985728.000000, 85775360.000000, 92542872.000000)
Position Delta: (15339072.000000, 5575398.000000, 6015286.500000)
Velocity Delta: (195850224.000000, -93297592.000000, 73740128.000000)
Velocity Delta: (183098160.000000, -87241176.000000, 68938440.000000)
Position Delta: (11901380.000000, -5670676.000000, 4480998.500000)
Velocity Delta: (34666460.000000, 16329880.000000, 32369538.000000)
Velocity Delta: (32396224.000000, 15276472.000000, 30259148.000000)
Position Delta: (2105754.500000, 992970.625000, 1966844.500000)
Velocity Delta: (379440576.000000, 214914016.000000, 299544352.000000)
Velocity Delta: (354773920.000000, 200943200.000000, 280071168.000000)
Position Delta: (23060304.000000, 13061308.000000, 18204626.000000)
Velocity Delta: (-126557408.000000, 88283984.000000, -145912144.000000)
Velocity Delta: (-118363896.000000, 82526992.000000, -136453680.000000)
Position Delta: (-7693653.000000, 5364254.500000, -8869489.000000)
Velocity Delta: (-110461080.000000, -24668602.000000, 133891520.000000)
Velocity Delta: (-103270240.000000, -23072780.000000, 125201120.000000)
Position Delta: (-6712565.500000, -1499730.625000, 8138072.500000)
Velocity Delta: (83699824.000000, 46975116.000000, 163502032.000000)
Velocity Delta: (78268872.000000, 43923852.000000, 152862880.000000)
Position Delta: (5087476.500000, 2855050.250000, 9936087.000000)
Velocity Delta: (243081424.000000, 65973640.000000, 139409328.000000)
Velocity Delta: (227273920.000000, 61681304.000000, 130333608.000000)
Position Delta: (14772804.000000, 4009284.500000, 8471684.000000)
Velocity Delta: (299661920.000000, 200767168.000000, 221830464.000000)
Velocity Delta: (280162944.000000, 187711616.000000, 207399440.000000)
Position Delta: (18210590.000000, 12201255.000000, 13480963.000000)
Velocity Delta: (-3266758.750000, 9033522.000000, -32110866.000000)
Velocity Delta: (-3080285.500000, 8429024.000000, -30042802.000000)
Position Delta: (-200218.546875, 547886.562500, -1952782.000000)
Velocity Delta: (15163124.000000, 4506320.000000, 30642578.000000)
Velocity Delta: (14177768.000000, 4212607.500000, 28653554.000000)
Position Delta: (921554.875000, 273819.468750, 1862481.000000)
Velocity Delta: (6885183.500000, 62949944.000000, 237395312.000000)
Velocity Delta: (6436339.500000, 58857808.000000, 221961984.000000)
Position Delta: (418362.062500, 3825757.500000, 14427528.000000)
Velocity Delta: (233316112.000000, 112680976.000000, 331151936.000000)
Velocity Delta: (218149968.000000, 105351288.000000, 309606592.000000)
Position Delta: (14179747.000000, 6847833.500000, 20124428.000000)
Velocity Delta: (29103664.000000, -6294839.500000, -37787556.000000)
Velocity Delta: (27191808.000000, -5895398.000000, -35359944.000000)
Position Delta: (1767467.500000, -383200.843750, -2298396.250000)
Velocity Delta: (12246268.000000, 3371917.250000, 29309792.000000)
Velocity Delta: (11447724.000000, 3153272.500000, 27407876.000000)
Position Delta: (744102.062500, 204962.703125, 1781511.875000)
Velocity Delta: (201255248.000000, 98524440.000000, 320945728.000000)
Velocity Delta: (188172592.000000, 92120064.000000, 300081728.000000)
Position Delta: (12231218.000000, 5987804.000000, 19505312.000000)
Velocity Delta: (59060976.000000, 65865048.000000, -143499440.000000)
Velocity Delta: (55204660.000000, 61575324.000000, -134199656.000000)
Position Delta: (3588302.750000, 4002396.000000, -8722977.000000)
Velocity Delta: (326657216.000000, 111013240.000000, 231005488.000000)
Velocity Delta: (305419392.000000, 103791688.000000, 216002464.000000)
Position Delta: (19852260.000000, 6746459.500000, 14040160.000000)
Velocity Delta: (579294656.000000, 171487712.000000, 535141056.000000)
Velocity Delta: (541612352.000000, 160331424.000000, 500336992.000000)
Position Delta: (35204800.000000, 10421542.000000, 32521904.000000)
Velocity Delta: (251025696.000000, 72730416.000000, 365223264.000000)
Velocity Delta: (234659040.000000, 67988144.000000, 341437600.000000)
Position Delta: (15252837.000000, 4419229.000000, 22193444.000000)
Velocity Delta: (152932304.000000, 80818904.000000, 146860624.000000)
Velocity Delta: (142970000.000000, 75559384.000000, 137283136.000000)
Position Delta: (9293050.000000, 4911360.000000, 8923404.000000)
Velocity Delta: (-121407.179688, -4032694.500000, 213807.265625)
Velocity Delta: (-126731.023438, -3777546.250000, 187204.953125)
Position Delta: (-8237.516602, -245540.500000, 12168.321289)
Velocity Delta: (402112864.000000, 68436592.000000, 387113120.000000)
Velocity Delta: (375975520.000000, 63988552.000000, 361950720.000000)
Position Delta: (24438408.000000, 4159255.750000, 23526796.000000)
Velocity Delta: (8850035.000000, 36056372.000000, -6929793.500000)
Velocity Delta: (8240111.000000, 33706808.000000, -6512735.500000)
Position Delta: (535607.187500, 2190942.500000, -423327.781250)
Velocity Delta: (50709680.000000, 5706397.000000, 97217424.000000)
Velocity Delta: (47412740.000000, 5332364.500000, 90898848.000000)
Position Delta: (3081828.000000, 346603.687500, 5908425.000000)
Velocity Delta: (45556936.000000, -28129610.000000, -8222385.500000)
Velocity Delta: (42591360.000000, -26301682.000000, -7696312.000000)
Position Delta: (2768438.250000, -1709609.250000, -500260.250000)
Velocity Delta: (-29422382.000000, -8603620.000000, 55525772.000000)
Velocity Delta: (-27513862.000000, -8041960.000000, 51917296.000000)
Position Delta: (-1788401.000000, -522727.375000, 3374624.000000)
Velocity Delta: (12466222.000000, 5347172.000000, -62426932.000000)
Velocity Delta: (11658449.000000, 5000351.000000, -58373968.000000)
Position Delta: (757799.187500, 325022.812500, -3794307.750000)
Velocity Delta: (232779120.000000, -44465056.000000, -128570256.000000)
Velocity Delta: (217647408.000000, -41575288.000000, -120207816.000000)
Position Delta: (14147081.000000, -2702393.500000, -7813508.000000)
Velocity Delta: (423302976.000000, 107101144.000000, 286749920.000000)
Velocity Delta: (395768224.000000, 100143400.000000, 268122272.000000)
Position Delta: (25724934.000000, 6509321.000000, 17427948.000000)
Velocity Delta: (2966159.500000, -4308495.500000, -9174179.000000)
Velocity Delta: (2736833.500000, -4037673.000000, -8602568.000000)
Position Delta: (177894.171875, -262448.750000, -559166.875000)
Velocity Delta: (-148280528.000000, 75860232.000000, 196037632.000000)
Velocity Delta: (-138642592.000000, 70929680.000000, 183295952.000000)
Position Delta: (-9011768.000000, 4610429.000000, 11914236.000000)
Velocity Delta: (231712592.000000, 88440256.000000, 232742768.000000)
Velocity Delta: (216664064.000000, 82685096.000000, 217597584.000000)
Position Delta: (14083164.000000, 5374531.000000, 14143842.000000)
Velocity Delta: (64274672.000000, -12647965.000000, 98349376.000000)
Velocity Delta: (60076856.000000, -11833482.000000, 91936576.000000)
Position Delta: (3904995.500000, -769176.312500, 5975877.000000)
Velocity Delta: (66778428.000000, -23574598.000000, -75542888.000000)
Velocity Delta: (62432264.000000, -22041168.000000, -70641104.000000)
Position Delta: (4058097.000000, -1432675.875000, -4591671.500000)
Velocity Delta: (104482832.000000, 50416080.000000, 74755896.000000)
Velocity Delta: (97685680.000000, 47141068.000000, 69903264.000000)
Position Delta: (6349569.000000, 3064169.250000, 4543712.000000)
Velocity Delta: (144087328.000000, -43039480.000000, 45606704.000000)
Velocity Delta: (134712640.000000, -40246260.000000, 42635832.000000)
Position Delta: (8756321.000000, -2616006.750000, 2771329.000000)
Velocity Delta: (108350064.000000, -32169450.000000, -122231984.000000)
Velocity Delta: (101294872.000000, -30074730.000000, -114290848.000000)
Position Delta: (6584166.500000, -1954857.375000, -7428905.000000)
Velocity Delta: (-17330906.000000, -29771914.000000, -109267016.000000)
Velocity Delta: (-16213756.000000, -27833960.000000, -102154128.000000)
Position Delta: (-1053894.125000, -1809207.375000, -6640018.000000)
Velocity Delta: (125156656.000000, 126456672.000000, 117134624.000000)
Velocity Delta: (117022952.000000, 118239560.000000, 109530312.000000)
Position Delta: (7606491.500000, 7685571.000000, 7119470.000000)
Velocity Delta: (163146304.000000, -48049328.000000, -134068296.000000)
Velocity Delta: (152531008.000000, -44937024.000000, -125363944.000000)
Position Delta: (9914515.000000, -2920906.500000, -8148656.000000)
Velocity Delta: (-470423.031250, -95251856.000000, -73535104.000000)
Velocity Delta: (-453927.062500, -89056360.000000, -68743776.000000)
Position Delta: (-29505.257812, -5788663.000000, -4468345.500000)
Velocity Delta: (14063847.000000, -20005004.000000, -96940696.000000)
Velocity Delta: (13149719.000000, -18696460.000000, -90633192.000000)
Position Delta: (854731.687500, -1215269.875000, -5891157.500000)
Velocity Delta: (131224976.000000, 47631404.000000, -10213319.000000)
Velocity Delta: (122694144.000000, 44537100.000000, -9541086.000000)
Position Delta: (7975119.000000, 2894911.500000, -620170.562500)
Velocity Delta: (235853568.000000, 164397456.000000, 223797968.000000)
Velocity Delta: (220511776.000000, 153707520.000000, 209252000.000000)
Position Delta: (14333265.000000, 9990988.000000, 13601380.000000)
Velocity Delta: (590895872.000000, 227448752.000000, 257090016.000000)
Velocity Delta: (552467264.000000, 212650400.000000, 240359872.000000)
Position Delta: (35910372.000000, 13822275.000000, 15623391.000000)
